{"C:\\Users\\fedya\\WebstormProjects\\fractional-numbers\\src\\addition\\index.ts": {"path":"C:\\Users\\fedya\\WebstormProjects\\fractional-numbers\\src\\addition\\index.ts","statementMap":{"0":{"start":{"line":2,"column":0},"end":{"line":2,"column":79}},"1":{"start":{"line":5,"column":4},"end":{"line":5,"column":null}},"2":{"start":{"line":5,"column":59},"end":{"line":5,"column":66}},"3":{"start":{"line":4,"column":0},"end":{"line":4,"column":16}}},"fnMap":{"0":{"name":"addition","decl":{"start":{"line":4,"column":16},"end":{"line":4,"column":24}},"loc":{"start":{"line":4,"column":75},"end":{"line":6,"column":1}}},"1":{"name":"(anonymous_1)","decl":{"start":{"line":5,"column":47},"end":{"line":5,"column":48}},"loc":{"start":{"line":5,"column":59},"end":{"line":5,"column":66}}}},"branchMap":{},"s":{"0":1,"1":4,"2":4,"3":1},"f":{"0":4,"1":4},"b":{}}
,"C:\\Users\\fedya\\WebstormProjects\\fractional-numbers\\src\\division\\index.ts": {"path":"C:\\Users\\fedya\\WebstormProjects\\fractional-numbers\\src\\division\\index.ts","statementMap":{"0":{"start":{"line":2,"column":0},"end":{"line":2,"column":49}},"1":{"start":{"line":5,"column":4},"end":{"line":8,"column":null}},"2":{"start":{"line":4,"column":0},"end":{"line":4,"column":16}}},"fnMap":{"0":{"name":"division","decl":{"start":{"line":4,"column":16},"end":{"line":4,"column":24}},"loc":{"start":{"line":4,"column":75},"end":{"line":9,"column":1}}}},"branchMap":{},"s":{"0":1,"1":4,"2":1},"f":{"0":4},"b":{}}
,"C:\\Users\\fedya\\WebstormProjects\\fractional-numbers\\src\\fractionNumberToString\\index.ts": {"path":"C:\\Users\\fedya\\WebstormProjects\\fractional-numbers\\src\\fractionNumberToString\\index.ts","statementMap":{"0":{"start":{"line":5,"column":4},"end":{"line":7,"column":null}},"1":{"start":{"line":6,"column":8},"end":{"line":6,"column":47}},"2":{"start":{"line":9,"column":4},"end":{"line":11,"column":50}},"3":{"start":{"line":4,"column":0},"end":{"line":4,"column":16}}},"fnMap":{"0":{"name":"fractionNumberToString","decl":{"start":{"line":4,"column":16},"end":{"line":4,"column":38}},"loc":{"start":{"line":4,"column":67},"end":{"line":12,"column":1}}}},"branchMap":{"0":{"loc":{"start":{"line":5,"column":4},"end":{"line":7,"column":null}},"type":"if","locations":[{"start":{"line":5,"column":4},"end":{"line":7,"column":null}},{"start":{"line":5,"column":4},"end":{"line":7,"column":null}}]},"1":{"loc":{"start":{"line":5,"column":8},"end":{"line":5,"column":31}},"type":"binary-expr","locations":[{"start":{"line":5,"column":8},"end":{"line":5,"column":31}},{"start":{"line":5,"column":35},"end":{"line":5,"column":60}}]},"2":{"loc":{"start":{"line":10,"column":8},"end":{"line":10,"column":52}},"type":"cond-expr","locations":[{"start":{"line":10,"column":8},"end":{"line":10,"column":52}},{"start":{"line":11,"column":8},"end":{"line":11,"column":49}}]}},"s":{"0":3,"1":1,"2":2,"3":1},"f":{"0":3},"b":{"0":[1,2],"1":[3,3],"2":[1,1]}}
,"C:\\Users\\fedya\\WebstormProjects\\fractional-numbers\\src\\getFractionNumberFromUnknown\\index.ts": {"path":"C:\\Users\\fedya\\WebstormProjects\\fractional-numbers\\src\\getFractionNumberFromUnknown\\index.ts","statementMap":{"0":{"start":{"line":10,"column":4},"end":{"line":20,"column":null}},"1":{"start":{"line":11,"column":8},"end":{"line":11,"column":32}},"2":{"start":{"line":12,"column":8},"end":{"line":12,"column":36}},"3":{"start":{"line":13,"column":11},"end":{"line":20,"column":null}},"4":{"start":{"line":14,"column":8},"end":{"line":14,"column":78}},"5":{"start":{"line":14,"column":59},"end":{"line":14,"column":76}},"6":{"start":{"line":15,"column":11},"end":{"line":20,"column":null}},"7":{"start":{"line":16,"column":8},"end":{"line":16,"column":22}},"8":{"start":{"line":17,"column":8},"end":{"line":17,"column":24}},"9":{"start":{"line":19,"column":8},"end":{"line":19,"column":47}},"10":{"start":{"line":22,"column":4},"end":{"line":25,"column":null}},"11":{"start":{"line":6,"column":0},"end":{"line":6,"column":16}}},"fnMap":{"0":{"name":"getFractionNumberFromUnknown","decl":{"start":{"line":6,"column":16},"end":{"line":6,"column":44}},"loc":{"start":{"line":6,"column":77},"end":{"line":26,"column":1}}},"1":{"name":"(anonymous_1)","decl":{"start":{"line":14,"column":52},"end":{"line":14,"column":55}},"loc":{"start":{"line":14,"column":59},"end":{"line":14,"column":76}}}},"branchMap":{"0":{"loc":{"start":{"line":10,"column":4},"end":{"line":20,"column":null}},"type":"if","locations":[{"start":{"line":10,"column":4},"end":{"line":20,"column":null}},{"start":{"line":10,"column":4},"end":{"line":20,"column":null}}]},"1":{"loc":{"start":{"line":10,"column":8},"end":{"line":10,"column":29}},"type":"binary-expr","locations":[{"start":{"line":10,"column":8},"end":{"line":10,"column":29}},{"start":{"line":10,"column":33},"end":{"line":10,"column":44}},{"start":{"line":10,"column":48},"end":{"line":10,"column":61}}]},"2":{"loc":{"start":{"line":13,"column":11},"end":{"line":20,"column":null}},"type":"if","locations":[{"start":{"line":13,"column":11},"end":{"line":20,"column":null}},{"start":{"line":13,"column":11},"end":{"line":20,"column":null}}]},"3":{"loc":{"start":{"line":13,"column":15},"end":{"line":13,"column":36}},"type":"binary-expr","locations":[{"start":{"line":13,"column":15},"end":{"line":13,"column":36}},{"start":{"line":13,"column":40},"end":{"line":13,"column":55}}]},"4":{"loc":{"start":{"line":15,"column":11},"end":{"line":20,"column":null}},"type":"if","locations":[{"start":{"line":15,"column":11},"end":{"line":20,"column":null}},{"start":{"line":15,"column":11},"end":{"line":20,"column":null}}]},"5":{"loc":{"start":{"line":15,"column":15},"end":{"line":15,"column":16}},"type":"binary-expr","locations":[{"start":{"line":15,"column":15},"end":{"line":15,"column":16}},{"start":{"line":15,"column":20},"end":{"line":15,"column":41}},{"start":{"line":15,"column":45},"end":{"line":15,"column":66}}]}},"s":{"0":4,"1":1,"2":1,"3":3,"4":1,"5":2,"6":2,"7":1,"8":1,"9":1,"10":3,"11":1},"f":{"0":4,"1":2},"b":{"0":[1,3],"1":[4,1,1],"2":[1,2],"3":[3,2],"4":[1,1],"5":[2,1,1]}}
,"C:\\Users\\fedya\\WebstormProjects\\fractional-numbers\\src\\leastCommonMultiple\\index.ts": {"path":"C:\\Users\\fedya\\WebstormProjects\\fractional-numbers\\src\\leastCommonMultiple\\index.ts","statementMap":{"0":{"start":{"line":2,"column":14},"end":{"line":2,"column":28}},"1":{"start":{"line":4,"column":4},"end":{"line":9,"column":null}},"2":{"start":{"line":5,"column":8},"end":{"line":7,"column":null}},"3":{"start":{"line":6,"column":12},"end":{"line":6,"column":23}},"4":{"start":{"line":8,"column":8},"end":{"line":8,"column":null}},"5":{"start":{"line":1,"column":0},"end":{"line":1,"column":16}}},"fnMap":{"0":{"name":"leastCommonMultiple","decl":{"start":{"line":1,"column":16},"end":{"line":1,"column":35}},"loc":{"start":{"line":1,"column":56},"end":{"line":10,"column":1}}}},"branchMap":{"0":{"loc":{"start":{"line":5,"column":8},"end":{"line":7,"column":null}},"type":"if","locations":[{"start":{"line":5,"column":8},"end":{"line":7,"column":null}},{"start":{"line":5,"column":8},"end":{"line":7,"column":null}}]},"1":{"loc":{"start":{"line":5,"column":11},"end":{"line":5,"column":24}},"type":"binary-expr","locations":[{"start":{"line":5,"column":11},"end":{"line":5,"column":24}},{"start":{"line":5,"column":28},"end":{"line":5,"column":41}}]}},"s":{"0":7,"1":7,"2":1737,"3":7,"4":1730,"5":3},"f":{"0":7},"b":{"0":[7,1730],"1":[1737,129]}}
,"C:\\Users\\fedya\\WebstormProjects\\fractional-numbers\\src\\logicOfAdditionAndSubtraction\\index.ts": {"path":"C:\\Users\\fedya\\WebstormProjects\\fractional-numbers\\src\\logicOfAdditionAndSubtraction\\index.ts","statementMap":{"0":{"start":{"line":1,"column":0},"end":{"line":1,"column":59}},"1":{"start":{"line":5,"column":63},"end":{"line":5,"column":64}},"2":{"start":{"line":6,"column":63},"end":{"line":6,"column":64}},"3":{"start":{"line":8,"column":4},"end":{"line":22,"column":null}},"4":{"start":{"line":9,"column":8},"end":{"line":12,"column":null}},"5":{"start":{"line":14,"column":20},"end":{"line":14,"column":67}},"6":{"start":{"line":15,"column":8},"end":{"line":21,"column":null}},"7":{"start":{"line":4,"column":0},"end":{"line":4,"column":16}}},"fnMap":{"0":{"name":"logicOfAdditionAndSubtraction","decl":{"start":{"line":4,"column":16},"end":{"line":4,"column":45}},"loc":{"start":{"line":4,"column":136},"end":{"line":23,"column":1}}}},"branchMap":{"0":{"loc":{"start":{"line":8,"column":4},"end":{"line":22,"column":null}},"type":"if","locations":[{"start":{"line":8,"column":4},"end":{"line":22,"column":null}},{"start":{"line":8,"column":4},"end":{"line":22,"column":null}}]}},"s":{"0":2,"1":10,"2":10,"3":10,"4":6,"5":4,"6":4,"7":2},"f":{"0":10},"b":{"0":[6,4]}}
,"C:\\Users\\fedya\\WebstormProjects\\fractional-numbers\\src\\multiplication\\index.ts": {"path":"C:\\Users\\fedya\\WebstormProjects\\fractional-numbers\\src\\multiplication\\index.ts","statementMap":{"0":{"start":{"line":4,"column":63},"end":{"line":4,"column":64}},"1":{"start":{"line":5,"column":63},"end":{"line":5,"column":64}},"2":{"start":{"line":7,"column":4},"end":{"line":10,"column":null}},"3":{"start":{"line":3,"column":0},"end":{"line":3,"column":16}}},"fnMap":{"0":{"name":"multiplication","decl":{"start":{"line":3,"column":16},"end":{"line":3,"column":30}},"loc":{"start":{"line":3,"column":81},"end":{"line":11,"column":1}}}},"branchMap":{},"s":{"0":8,"1":8,"2":8,"3":2},"f":{"0":8},"b":{}}
,"C:\\Users\\fedya\\WebstormProjects\\fractional-numbers\\src\\subtraction\\index.ts": {"path":"C:\\Users\\fedya\\WebstormProjects\\fractional-numbers\\src\\subtraction\\index.ts","statementMap":{"0":{"start":{"line":2,"column":0},"end":{"line":2,"column":79}},"1":{"start":{"line":5,"column":4},"end":{"line":5,"column":null}},"2":{"start":{"line":5,"column":59},"end":{"line":5,"column":66}},"3":{"start":{"line":4,"column":0},"end":{"line":4,"column":16}}},"fnMap":{"0":{"name":"subtraction","decl":{"start":{"line":4,"column":16},"end":{"line":4,"column":27}},"loc":{"start":{"line":4,"column":78},"end":{"line":6,"column":1}}},"1":{"name":"(anonymous_1)","decl":{"start":{"line":5,"column":47},"end":{"line":5,"column":48}},"loc":{"start":{"line":5,"column":59},"end":{"line":5,"column":66}}}},"branchMap":{},"s":{"0":1,"1":2,"2":2,"3":1},"f":{"0":2,"1":2},"b":{}}
}
