TN:
SF:src\addition\index.ts
FN:4,addition
FN:5,(anonymous_1)
FNF:2
FNH:2
FNDA:4,addition
FNDA:4,(anonymous_1)
DA:2,1
DA:4,1
DA:5,4
LF:3
LH:3
BRF:0
BRH:0
end_of_record
TN:
SF:src\division\index.ts
FN:4,division
FNF:1
FNH:1
FNDA:4,division
DA:2,1
DA:4,1
DA:5,4
LF:3
LH:3
BRF:0
BRH:0
end_of_record
TN:
SF:src\fractionNumberToString\index.ts
FN:4,fractionNumberToString
FNF:1
FNH:1
FNDA:3,fractionNumberToString
DA:4,1
DA:5,3
DA:6,1
DA:9,2
LF:4
LH:4
BRDA:5,0,0,1
BRDA:5,0,1,2
BRDA:5,1,0,3
BRDA:5,1,1,3
BRDA:10,2,0,1
BRDA:10,2,1,1
BRF:6
BRH:6
end_of_record
TN:
SF:src\getFractionNumberFromUnknown\index.ts
FN:6,getFractionNumberFromUnknown
FN:14,(anonymous_1)
FNF:2
FNH:2
FNDA:4,getFractionNumberFromUnknown
FNDA:2,(anonymous_1)
DA:6,1
DA:10,4
DA:11,1
DA:12,1
DA:13,3
DA:14,2
DA:15,2
DA:16,1
DA:17,1
DA:19,1
DA:22,3
LF:11
LH:11
BRDA:10,0,0,1
BRDA:10,0,1,3
BRDA:10,1,0,4
BRDA:10,1,1,1
BRDA:10,1,2,1
BRDA:13,2,0,1
BRDA:13,2,1,2
BRDA:13,3,0,3
BRDA:13,3,1,2
BRDA:15,4,0,1
BRDA:15,4,1,1
BRDA:15,5,0,2
BRDA:15,5,1,1
BRDA:15,5,2,1
BRF:14
BRH:14
end_of_record
TN:
SF:src\leastCommonMultiple\index.ts
FN:1,leastCommonMultiple
FNF:1
FNH:1
FNDA:7,leastCommonMultiple
DA:1,3
DA:2,7
DA:4,7
DA:5,1737
DA:6,7
DA:8,1730
LF:6
LH:6
BRDA:5,0,0,7
BRDA:5,0,1,1730
BRDA:5,1,0,1737
BRDA:5,1,1,129
BRF:4
BRH:4
end_of_record
TN:
SF:src\logicOfAdditionAndSubtraction\index.ts
FN:4,logicOfAdditionAndSubtraction
FNF:1
FNH:1
FNDA:10,logicOfAdditionAndSubtraction
DA:1,2
DA:4,2
DA:5,10
DA:6,10
DA:8,10
DA:9,6
DA:14,4
DA:15,4
LF:8
LH:8
BRDA:8,0,0,6
BRDA:8,0,1,4
BRF:2
BRH:2
end_of_record
TN:
SF:src\multiplication\index.ts
FN:3,multiplication
FNF:1
FNH:1
FNDA:8,multiplication
DA:3,2
DA:4,8
DA:5,8
DA:7,8
LF:4
LH:4
BRF:0
BRH:0
end_of_record
TN:
SF:src\subtraction\index.ts
FN:4,subtraction
FN:5,(anonymous_1)
FNF:2
FNH:2
FNDA:2,subtraction
FNDA:2,(anonymous_1)
DA:2,1
DA:4,1
DA:5,2
LF:3
LH:3
BRF:0
BRH:0
end_of_record
